--- Startup times for process: Primary/TUI ---

times in msec
 clock   self+sourced   self:  sourced script
 clock   elapsed:              other lines

000.004  000.004: --- NVIM STARTING ---
000.351  000.347: event init
000.516  000.165: early init
000.597  000.081: locale set
000.707  000.110: init first window
001.153  000.446: inits 1
001.171  000.018: window checked
001.264  000.093: parsing arguments
002.119  000.056  000.056: require('vim.shared')
002.266  000.070  000.070: require('vim.inspect')
002.352  000.065  000.065: require('vim._options')
002.355  000.229  000.094: require('vim._editor')
002.357  000.362  000.077: require('vim._init_packages')
002.364  000.737: init lua interpreter
003.601  001.238: --- NVIM STARTED ---

--- Startup times for process: Embedded ---

times in msec
 clock   self+sourced   self:  sourced script
 clock   elapsed:              other lines

000.003  000.003: --- NVIM STARTING ---
000.269  000.266: event init
000.362  000.093: early init
000.409  000.047: locale set
000.462  000.052: init first window
000.695  000.233: inits 1
000.707  000.012: window checked
000.766  000.059: parsing arguments
001.198  000.033  000.033: require('vim.shared')
001.273  000.037  000.037: require('vim.inspect')
001.329  000.044  000.044: require('vim._options')
001.330  000.128  000.047: require('vim._editor')
001.332  000.191  000.030: require('vim._init_packages')
001.333  000.376: init lua interpreter
001.416  000.083: expanding arguments
001.434  000.017: inits 2
001.654  000.220: init highlight
001.655  000.001: waiting for UI
001.777  000.123: done waiting for UI
001.781  000.004: clear screen
001.835  000.006  000.006: require('vim.keymap')
002.178  000.396  000.390: require('vim._defaults')
002.180  000.004: init default mappings & autocommands
002.721  000.040  000.040: sourcing /opt/nvim-linux64/share/nvim/runtime/ftplugin.vim
002.780  000.021  000.021: sourcing /opt/nvim-linux64/share/nvim/runtime/indent.vim
004.029  000.108  000.108: sourcing /opt/nvim-linux64/share/nvim/runtime/filetype.lua
004.080  000.009  000.009: sourcing /opt/nvim-linux64/share/nvim/runtime/ftplugin.vim
004.118  000.006  000.006: sourcing /opt/nvim-linux64/share/nvim/runtime/indent.vim
004.126  001.254  001.131: require('options')
005.115  000.987  000.987: require('keymaps')
005.760  000.526  000.526: require('lazy')
005.779  000.009  000.009: require('ffi')
005.810  000.014  000.014: require('vim.fs')
005.944  000.131  000.131: require('vim.uri')
005.952  000.171  000.026: require('vim.loader')
006.116  000.150  000.150: require('lazy.stats')
006.217  000.085  000.085: require('lazy.core.util')
006.334  000.115  000.115: require('lazy.core.config')
006.557  000.095  000.095: require('lazy.core.handler')
006.948  000.162  000.162: require('lazy.pkg')
006.958  000.261  000.099: require('lazy.core.meta')
006.969  000.410  000.149: require('lazy.core.plugin')
006.984  000.648  000.142: require('lazy.core.loader')
007.244  000.050  000.050: require('lazy.core.fragments')
011.288  000.025  000.025: require('vim.F')
011.324  000.824  000.799: require('vim.diagnostic')
012.357  000.059  000.059: require('lazy.core.handler.event')
012.398  000.035  000.035: require('lazy.core.handler.ft')
012.436  000.036  000.036: require('lazy.core.handler.cmd')
012.478  000.040  000.040: require('lazy.core.handler.keys')
014.030  001.078  001.078: require('vim.filetype')
014.036  001.116  000.038: sourcing /home/dylan/.local/share/nvim/lazy/rest.nvim/ftdetect/http.lua
014.461  000.102  000.102: sourcing /opt/nvim-linux64/share/nvim/runtime/filetype.lua
015.817  000.707  000.707: require('mini.ai')
016.420  000.102  000.102: require('mini.comment')
016.713  002.195  001.385: require('mini.statusline')
018.215  001.424  001.424: require('catppuccin')
018.874  000.235  000.235: require('catppuccin.lib.hashing')
020.844  001.230  001.230: sourcing /home/dylan/.local/share/nvim/lazy/nvim/colors/catppuccin.vim
021.414  000.143  000.143: require('vim.lsp.log')
021.749  000.332  000.332: require('vim.lsp.protocol')
022.339  000.230  000.230: require('vim.lsp._snippet_grammar')
022.408  000.065  000.065: require('vim.highlight')
022.431  000.679  000.383: require('vim.lsp.util')
022.638  000.092  000.092: require('vim.lsp.sync')
022.647  000.214  000.122: require('vim.lsp._changetracking')
022.854  000.205  000.205: require('vim.lsp.rpc')
022.920  001.834  000.262: require('vim.lsp')
023.279  000.357  000.357: require('lspconfig.util')
023.299  002.273  000.082: sourcing /home/dylan/.local/share/nvim/lazy/nvim-lspconfig/plugin/lspconfig.lua
024.069  000.158  000.158: require('nvim-highlight-colors.table_utils')
024.072  000.221  000.064: require('nvim-highlight-colors.buffer_utils')
024.176  000.102  000.102: require('nvim-highlight-colors.named-colors.css')
024.359  000.181  000.181: require('nvim-highlight-colors.named-colors.tailwind')
024.790  000.177  000.177: require('nvim-highlight-colors.color.patterns')
024.794  000.434  000.257: require('nvim-highlight-colors.color.converters')
024.799  001.024  000.085: require('nvim-highlight-colors.color.utils')
024.803  001.107  000.083: require('nvim-highlight-colors.utils')
024.840  001.472  000.365: require('nvim-highlight-colors')
025.485  000.027  000.027: sourcing /home/dylan/.local/share/nvim/lazy/plenary.nvim/plugin/plenary.vim
025.958  000.067  000.067: require('hardtime.config')
026.099  000.137  000.137: require('hardtime.log')
026.147  000.291  000.086: require('hardtime.util')
026.155  000.587  000.296: require('hardtime')
026.251  000.038  000.038: require('hardtime.report')
026.253  000.081  000.044: require('hardtime.command')
026.370  000.032  000.032: sourcing /home/dylan/.local/share/nvim/lazy/workspace-diagnostics.nvim/plugin/workspace-diagnostics.lua
026.861  000.031  000.031: require('search-replace.config')
026.930  000.030  000.030: require('search-replace.util')
026.933  000.070  000.039: require('search-replace.ui')
026.935  000.379  000.279: require('search-replace')
026.969  000.033  000.033: require('search-replace.single-buffer')
027.012  000.034  000.034: require('search-replace.multi-buffer')
027.051  000.033  000.033: require('search-replace.visual-multitype')
027.157  000.033  000.033: sourcing /home/dylan/.local/share/nvim/lazy/glance.nvim/plugin/glance.lua
027.537  000.042  000.042: require('glance.utils')
027.540  000.098  000.056: require('glance.config')
027.654  000.038  000.038: require('glance.color')
027.657  000.116  000.077: require('glance.highlights')
027.707  000.048  000.048: require('glance.lsp')
027.713  000.541  000.279: require('glance')
028.670  000.179  000.179: sourcing /home/dylan/.local/share/nvim/lazy/leap.nvim/plugin/init.lua
028.997  000.289  000.289: require('leap')
029.038  000.037  000.037: require('leap.opts')
029.680  000.034  000.034: require('vim.ui')
029.684  000.068  000.034: require('dressing.patch')
029.686  000.309  000.241: require('dressing')
029.693  000.345  000.036: sourcing /home/dylan/.local/share/nvim/lazy/dressing.nvim/plugin/dressing.lua
029.790  000.060  000.060: require('inc_rename')
030.187  000.029  000.029: sourcing /home/dylan/.local/share/nvim/lazy/nvim-web-devicons/plugin/nvim-web-devicons.vim
030.566  000.292  000.292: require('oil')
030.620  000.051  000.051: require('oil.ringbuf')
030.672  000.050  000.050: require('oil.config')
031.383  000.080  000.080: require('oil.fs')
031.528  000.035  000.035: require('oil.constants')
031.537  000.152  000.117: require('oil.util')
032.261  000.042  000.042: require('mason-core.path')
032.410  000.083  000.083: require('mason-core.functional')
032.497  000.035  000.035: require('mason-core.functional.data')
032.503  000.085  000.051: require('mason-core.functional.function')
032.556  000.042  000.042: require('mason-core.functional.relation')
032.609  000.045  000.045: require('mason-core.functional.logic')
032.622  000.358  000.102: require('mason-core.platform')
032.671  000.048  000.048: require('mason.settings')
032.674  000.751  000.303: require('mason')
032.881  000.116  000.116: require('mason-core.functional.list')
032.953  000.066  000.066: require('mason-core.functional.string')
032.976  000.291  000.108: require('mason.api.command')
033.056  000.076  000.076: require('mason-registry.sources')
033.308  000.092  000.092: require('mason-core.log')
033.367  000.056  000.056: require('mason-lspconfig.settings')
033.373  000.233  000.085: require('mason-lspconfig')
033.469  000.045  000.045: require('mason-lspconfig.notify')
033.475  000.100  000.055: require('mason-lspconfig.lspconfig_hook')
033.785  000.104  000.104: require('mason-core.functional.table')
033.829  000.353  000.248: require('mason-lspconfig.mappings.server')
033.972  000.054  000.054: require('mason-core.EventEmitter')
034.028  000.053  000.053: require('mason-core.optional')
034.203  000.122  000.122: require('mason-core.async')
034.253  000.046  000.046: require('mason-core.async.uv')
034.286  000.257  000.089: require('mason-core.fs')
034.308  000.476  000.112: require('mason-registry')
034.369  000.059  000.059: require('mason-lspconfig.server_config_extensions')
034.539  000.092  000.092: require('lspconfig.async')
034.542  000.171  000.079: require('lspconfig.configs')
034.633  000.090  000.090: require('lspconfig.configs.omnisharp')
035.088  000.062  000.062: require('mason-core.functional.number')
035.108  000.157  000.095: require('mason-lspconfig.api.command')
035.268  000.077  000.077: require('lspconfig')
035.330  000.060  000.060: require('lspconfig.configs.ocamllsp')
036.194  000.086  000.086: require('lspconfig.manager')
036.362  000.162  000.162: require('lspconfig.configs.lua_ls')
037.576  000.219  000.219: require('gitsigns.async')
037.808  000.221  000.221: require('gitsigns.debug.log')
038.094  000.285  000.285: require('gitsigns.config')
038.100  001.147  000.422: require('gitsigns')
038.330  000.082  000.082: require('gitsigns.highlight')
038.704  000.041  000.041: require('gitsigns.debounce')
039.317  000.037  000.037: require('plenary.bit')
039.354  000.034  000.034: require('plenary.functional')
039.374  000.152  000.082: require('plenary.path')
039.412  000.036  000.036: require('plenary.enum')
039.449  000.031  000.031: require('plenary.tbl')
039.458  000.269  000.050: require('session_manager.config')
039.585  000.038  000.038: require('plenary.compat')
039.753  000.253  000.215: require('plenary.scandir')
039.757  000.297  000.044: require('session_manager.utils')
039.822  000.064  000.064: require('plenary.job')
039.826  000.683  000.053: require('session_manager')
039.828  000.996  000.313: require('session_manager.subcommands')
039.844  001.047  000.052: sourcing /home/dylan/.local/share/nvim/lazy/neovim-session-manager/plugin/session_manager.lua
040.781  000.834  000.834: sourcing /home/dylan/.local/share/nvim/lazy/vim-fugitive/plugin/fugitive.vim
040.869  000.011  000.011: sourcing /home/dylan/.local/share/nvim/lazy/vim-fugitive/ftdetect/fugitive.vim
041.564  000.043  000.043: require('nvim-treesitter.utils')
041.999  000.034  000.034: require('vim.treesitter.language')
042.029  000.027  000.027: require('vim.func')
042.060  000.029  000.029: require('vim.func._memoize')
042.103  000.187  000.098: require('vim.treesitter.query')
042.144  000.039  000.039: require('vim.treesitter._range')
042.154  000.294  000.067: require('vim.treesitter.languagetree')
042.158  000.343  000.050: require('vim.treesitter')
042.745  001.178  000.835: require('nvim-treesitter.parsers')
042.937  000.031  000.031: require('nvim-treesitter.compat')
043.017  000.044  000.044: require('nvim-treesitter.ts_utils')
043.022  000.082  000.039: require('nvim-treesitter.tsrange')
043.054  000.031  000.031: require('nvim-treesitter.caching')
043.061  000.196  000.052: require('nvim-treesitter.query')
043.069  000.275  000.079: require('nvim-treesitter.configs')
043.071  000.324  000.049: require('nvim-treesitter.info')
043.122  000.050  000.050: require('nvim-treesitter.shell_command_selectors')
043.138  001.688  000.093: require('nvim-treesitter.install')
043.176  000.036  000.036: require('nvim-treesitter.statusline')
043.230  000.053  000.053: require('nvim-treesitter.query_predicates')
043.233  002.048  000.270: require('nvim-treesitter')
043.549  002.400  000.352: sourcing /home/dylan/.local/share/nvim/lazy/nvim-treesitter/plugin/nvim-treesitter.lua
044.960  000.050  000.050: require('nvim-treesitter.highlight')
045.293  000.070  000.070: require('nvim-treesitter.indent')
045.806  000.041  000.041: require('git-conflict.colors')
045.852  000.043  000.043: require('git-conflict.utils')
045.867  000.478  000.395: require('git-conflict')
046.181  000.042  000.042: sourcing /opt/nvim-linux64/share/nvim/runtime/plugin/editorconfig.lua
046.334  000.125  000.125: sourcing /opt/nvim-linux64/share/nvim/runtime/plugin/gzip.vim
046.419  000.053  000.053: sourcing /opt/nvim-linux64/share/nvim/runtime/plugin/man.lua
047.091  000.152  000.152: sourcing /opt/nvim-linux64/share/nvim/runtime/pack/dist/opt/matchit/plugin/matchit.vim
047.110  000.658  000.506: sourcing /opt/nvim-linux64/share/nvim/runtime/plugin/matchit.vim
047.242  000.104  000.104: sourcing /opt/nvim-linux64/share/nvim/runtime/plugin/matchparen.vim
047.290  000.012  000.012: sourcing /opt/nvim-linux64/share/nvim/runtime/plugin/netrwPlugin.vim
047.364  000.044  000.044: sourcing /opt/nvim-linux64/share/nvim/runtime/plugin/osc52.lua
047.517  000.122  000.122: sourcing /opt/nvim-linux64/share/nvim/runtime/plugin/rplugin.vim
047.608  000.057  000.057: sourcing /opt/nvim-linux64/share/nvim/runtime/plugin/shada.vim
047.663  000.015  000.015: sourcing /opt/nvim-linux64/share/nvim/runtime/plugin/spellfile.vim
047.760  000.066  000.066: sourcing /opt/nvim-linux64/share/nvim/runtime/plugin/tarPlugin.vim
047.854  000.046  000.046: sourcing /opt/nvim-linux64/share/nvim/runtime/plugin/tohtml.lua
047.902  000.015  000.015: sourcing /opt/nvim-linux64/share/nvim/runtime/plugin/tutor.vim
048.041  000.107  000.107: sourcing /opt/nvim-linux64/share/nvim/runtime/plugin/zipPlugin.vim
048.163  043.046  016.136: require('lazy-init')
048.251  000.085  000.085: require('auto-commands')
048.253  045.403  000.031: sourcing /home/dylan/.config/nvim/init.lua
048.259  000.615: sourcing vimrc file(s)
048.736  000.051  000.051: sourcing /opt/nvim-linux64/share/nvim/runtime/syntax/synload.vim
049.636  001.347  001.296: sourcing /opt/nvim-linux64/share/nvim/runtime/syntax/syntax.vim
049.645  000.040: inits 3
051.507  001.861: reading ShaDa
051.757  000.131  000.131: require('oil.actions')
051.841  000.082  000.082: require('oil.layout')
051.844  000.293  000.080: require('oil.keymap_util')
051.908  000.063  000.063: require('oil.loading')
052.192  000.134  000.134: require('oil.cache')
053.665  001.398  001.398: require('mini.icons')
054.749  000.908  000.908: require('nvim-web-devicons.icons-default')
054.999  001.331  000.423: require('nvim-web-devicons')
055.008  002.813  000.084: require('oil.columns')
055.029  003.119  000.171: require('oil.view')
055.487  000.267  000.267: require('oil.git')
055.607  000.118  000.118: require('oil.adapters.files.permissions')
055.738  000.128  000.128: require('oil.adapters.files.trash')
055.777  000.733  000.219: require('oil.adapters.files')
057.898  000.025  000.025: sourcing /home/dylan/.local/share/nvim/lazy/oil.nvim/syntax/oil.vim
059.970  004.230: opening buffers
060.248  000.041  000.041: sourcing /home/dylan/.local/share/nvim/lazy/barbar.nvim/plugin/barbar.lua
060.750  000.037  000.037: require('barbar.animate')
060.881  000.033  000.033: require('barbar.fs')
061.006  000.032  000.032: require('barbar.utils.table')
061.040  000.032  000.032: require('barbar.utils')
061.045  000.122  000.059: require('barbar.config')
061.077  000.031  000.031: require('barbar.utils.list')
061.122  000.238  000.085: require('barbar.buffer')
061.243  000.038  000.038: require('barbar.utils.highlight')
061.247  000.078  000.040: require('barbar.icons')
061.250  000.125  000.048: require('barbar.ui.layout')
061.280  000.029  000.029: require('barbar.constants')
061.293  000.500  000.074: require('barbar.state')
061.296  000.543  000.043: require('barbar.bbye')
061.334  000.035  000.035: require('barbar.jump_mode')
061.427  000.037  000.037: require('barbar.ui.nodes')
061.435  000.100  000.063: require('barbar.ui.render')
061.445  000.790  000.074: require('barbar.api')
061.754  000.251  000.251: require('barbar.highlight')
061.762  000.316  000.065: require('barbar.events')
061.764  001.453  000.348: require('barbar')
067.254  000.041  000.041: require('cmp_nvim_lsp.source')
067.260  000.387  000.345: require('cmp_nvim_lsp')
067.270  000.435  000.049: sourcing /home/dylan/.local/share/nvim/lazy/cmp-nvim-lsp/after/plugin/cmp_nvim_lsp.lua
067.591  000.041  000.041: require('cmp.utils.debug')
067.722  000.085  000.085: require('cmp.utils.char')
067.729  000.133  000.048: require('cmp.utils.str')
067.848  000.036  000.036: require('cmp.utils.misc')
067.880  000.029  000.029: require('cmp.utils.buffer')
067.917  000.035  000.035: require('cmp.utils.api')
067.951  000.183  000.082: require('cmp.utils.keymap')
067.953  000.223  000.040: require('cmp.utils.feedkeys')
068.134  000.029  000.029: require('cmp.types.cmp')
068.187  000.051  000.051: require('cmp.types.lsp')
068.219  000.030  000.030: require('cmp.types.vim')
068.221  000.149  000.039: require('cmp.types')
068.224  000.187  000.039: require('cmp.config.mapping')
068.256  000.031  000.031: require('cmp.utils.cache')
068.336  000.039  000.039: require('cmp.config.compare')
068.338  000.080  000.041: require('cmp.config.default')
068.350  000.349  000.052: require('cmp.config')
068.359  000.405  000.056: require('cmp.utils.async')
068.426  000.029  000.029: require('cmp.utils.pattern')
068.429  000.069  000.039: require('cmp.context')
068.640  000.086  000.086: require('cmp.utils.snippet')
068.681  000.038  000.038: require('cmp.matcher')
068.686  000.211  000.088: require('cmp.entry')
068.691  000.260  000.049: require('cmp.source')
068.764  000.032  000.032: require('cmp.utils.event')
068.873  000.029  000.029: require('cmp.utils.options')
068.877  000.074  000.046: require('cmp.utils.window')
068.879  000.113  000.038: require('cmp.view.docs_view')
068.968  000.038  000.038: require('cmp.utils.autocmd')
068.976  000.096  000.058: require('cmp.view.custom_entries_view')
069.037  000.060  000.060: require('cmp.view.wildmenu_entries_view')
069.079  000.039  000.039: require('cmp.view.native_entries_view')
069.138  000.058  000.058: require('cmp.view.ghost_text_view')
069.145  000.452  000.055: require('cmp.view')
069.452  001.956  000.373: require('cmp.core')
069.612  000.065  000.065: require('cmp.config.sources')
069.679  000.064  000.064: require('cmp.config.window')
069.719  002.277  000.192: require('cmp')
070.118  000.397  000.397: require('cmp_nvim_lua')
070.140  002.729  000.055: sourcing /home/dylan/.local/share/nvim/lazy/cmp-nvim-lua/after/plugin/cmp_nvim_lua.lua
070.842  000.041  000.041: require('cmp_buffer.timer')
070.847  000.105  000.064: require('cmp_buffer.buffer')
070.851  000.159  000.054: require('cmp_buffer.source')
070.853  000.528  000.369: require('cmp_buffer')
070.867  000.579  000.050: sourcing /home/dylan/.local/share/nvim/lazy/cmp-buffer/after/plugin/cmp_buffer.lua
071.450  000.404  000.404: require('cmp_path')
071.466  000.455  000.051: sourcing /home/dylan/.local/share/nvim/lazy/cmp-path/after/plugin/cmp_path.lua
072.073  000.441  000.441: require('cmp_cmdline')
072.120  000.548  000.108: sourcing /home/dylan/.local/share/nvim/lazy/cmp-cmdline/after/plugin/cmp_cmdline.lua
072.282  000.045  000.045: require('cmp.utils.highlight')
072.568  000.387  000.341: sourcing /home/dylan/.local/share/nvim/lazy/nvim-cmp/plugin/cmp.lua
074.574  007.976: BufEnter autocommands
074.587  000.013: editing files in windows
074.814  000.055  000.055: sourcing /home/dylan/.local/share/nvim/lazy/which-key.nvim/plugin/which-key.lua
075.424  000.583  000.583: require('which-key')
075.526  000.099  000.099: require('which-key.config')
075.817  000.026  000.026: sourcing /home/dylan/.local/share/nvim/lazy/todo-comments.nvim/plugin/todo.vim
076.625  000.054  000.054: require('todo-comments.util')
076.635  000.147  000.093: require('todo-comments.config')
076.753  000.074  000.074: require('todo-comments.highlight')
076.755  000.119  000.045: require('todo-comments.jump')
076.757  000.772  000.506: require('todo-comments')
077.245  000.087  000.087: require('vim.treesitter.highlighter')
078.855  000.155  000.155: sourcing /home/dylan/.local/share/nvim/lazy/telescope.nvim/plugin/telescope.lua
079.750  000.085  000.085: require('plenary.strings')
079.866  000.112  000.112: require('telescope.deprecated')
080.184  000.123  000.123: require('plenary.log')
080.203  000.199  000.076: require('telescope.log')
080.427  000.089  000.089: require('telescope.state')
080.443  000.239  000.149: require('telescope.utils')
080.449  000.581  000.144: require('telescope.sorters')
082.052  002.524  001.746: require('telescope.config')
082.272  000.102  000.102: require('plenary.window.border')
082.389  000.114  000.114: require('plenary.window')
082.453  000.061  000.061: require('plenary.popup.utils')
082.459  000.404  000.127: require('plenary.popup')
082.587  000.127  000.127: require('telescope.pickers.scroller')
082.675  000.086  000.086: require('telescope.actions.state')
082.773  000.096  000.096: require('telescope.actions.utils')
083.008  000.135  000.135: require('telescope.actions.mt')
083.032  000.257  000.122: require('telescope.actions.set')
083.211  000.100  000.100: require('telescope.config.resolve')
083.216  000.183  000.082: require('telescope.pickers.entry_display')
083.302  000.084  000.084: require('telescope.from_entry')
083.633  004.745  000.985: require('telescope.actions')
083.813  000.087  000.087: require('telescope._extensions')
083.819  000.183  000.095: require('telescope')
083.923  000.101  000.101: require('telescope.themes')
085.135  000.184  000.184: require('fzf_lib')
085.140  000.286  000.101: require('telescope._extensions.fzf')
085.232  000.085  000.085: require('telescope._extensions.ui-select')
085.815  000.061  000.061: require('plenary.vararg.rotate')
085.818  000.119  000.057: require('plenary.vararg')
085.869  000.050  000.050: require('plenary.errors')
085.874  000.235  000.067: require('plenary.async.async')
086.114  000.062  000.062: require('plenary.async.structs')
086.124  000.146  000.085: require('plenary.async.control')
086.129  000.207  000.061: require('plenary.async.util')
086.135  000.259  000.053: require('plenary.async.tests')
086.137  000.649  000.155: require('plenary.async')
086.233  000.094  000.094: require('telescope.debounce')
086.399  000.164  000.164: require('telescope.mappings')
086.517  000.116  000.116: require('telescope.pickers.highlights')
086.651  000.131  000.131: require('telescope.pickers.window')
086.845  000.110  000.110: require('telescope.algos.linked_list')
086.850  000.197  000.087: require('telescope.entry_manager')
086.929  000.078  000.078: require('telescope.pickers.multi')
086.948  001.713  000.283: require('telescope.pickers')
087.305  000.265  000.265: require('telescope.make_entry')
087.440  000.133  000.133: require('telescope.finders.async_static_finder')
087.688  000.065  000.065: require('plenary.class')
087.739  000.222  000.157: require('telescope._')
087.741  000.299  000.077: require('telescope.finders.async_oneshot_finder')
087.827  000.084  000.084: require('telescope.finders.async_job_finder')
087.835  000.885  000.105: require('telescope.finders')
087.988  000.062  000.062: require('telescope-undo.actions')
088.007  000.155  000.093: require('telescope._extensions.undo')
088.248  000.172  000.172: require('telescope.builtin')
089.154  000.603  000.603: require('alpha')
089.247  000.090  000.090: require('alpha.themes.dashboard')
096.796  011.415: VimEnter autocommands
097.074  000.278: UIEnter autocommands
097.077  000.002: before starting main loop
097.691  000.615: first screen update
097.694  000.002: --- NVIM STARTED ---

--- Startup times for process: Primary/TUI ---

times in msec
 clock   self+sourced   self:  sourced script
 clock   elapsed:              other lines

000.004  000.004: --- NVIM STARTING ---
000.392  000.388: event init
000.543  000.151: early init
000.640  000.097: locale set
000.732  000.092: init first window
001.267  000.535: inits 1
001.278  000.011: window checked
001.379  000.101: parsing arguments
002.224  000.082  000.082: require('vim.shared')
002.373  000.073  000.073: require('vim.inspect')
002.464  000.069  000.069: require('vim._options')
002.467  000.234  000.093: require('vim._editor')
002.470  000.401  000.084: require('vim._init_packages')
002.476  000.696: init lua interpreter
003.712  001.237: --- NVIM STARTED ---

--- Startup times for process: Embedded ---

times in msec
 clock   self+sourced   self:  sourced script
 clock   elapsed:              other lines

000.004  000.004: --- NVIM STARTING ---
000.308  000.305: event init
000.433  000.124: early init
000.512  000.079: locale set
000.602  000.090: init first window
001.026  000.424: inits 1
001.044  000.018: window checked
001.137  000.093: parsing arguments
001.961  000.064  000.064: require('vim.shared')
002.107  000.073  000.073: require('vim.inspect')
002.205  000.075  000.075: require('vim._options')
002.208  000.238  000.091: require('vim._editor')
002.210  000.367  000.065: require('vim._init_packages')
002.213  000.709: init lua interpreter
002.354  000.141: expanding arguments
002.389  000.035: inits 2
002.810  000.421: init highlight
002.813  000.003: waiting for UI
003.111  000.298: done waiting for UI
003.122  000.011: clear screen
003.258  000.015  000.015: require('vim.keymap')
004.094  000.969  000.954: require('vim._defaults')
004.100  000.009: init default mappings & autocommands
005.134  000.073  000.073: sourcing /opt/nvim-linux64/share/nvim/runtime/ftplugin.vim
005.256  000.043  000.043: sourcing /opt/nvim-linux64/share/nvim/runtime/indent.vim
007.837  000.210  000.210: sourcing /opt/nvim-linux64/share/nvim/runtime/filetype.lua
007.951  000.018  000.018: sourcing /opt/nvim-linux64/share/nvim/runtime/ftplugin.vim
008.028  000.012  000.012: sourcing /opt/nvim-linux64/share/nvim/runtime/indent.vim
008.046  002.595  002.355: require('options')
009.851  001.803  001.803: require('keymaps')
011.087  001.063  001.063: require('lazy')
011.127  000.019  000.019: require('ffi')
011.194  000.029  000.029: require('vim.fs')
011.471  000.270  000.270: require('vim.uri')
011.489  000.357  000.057: require('vim.loader')
011.804  000.286  000.286: require('lazy.stats')
012.094  000.260  000.260: require('lazy.core.util')
012.405  000.306  000.306: require('lazy.core.config')
012.934  000.255  000.255: require('lazy.core.handler')
013.652  000.249  000.249: require('lazy.pkg')
013.670  000.513  000.264: require('lazy.core.meta')
013.695  000.756  000.243: require('lazy.core.plugin')
013.725  001.315  000.304: require('lazy.core.loader')
014.245  000.126  000.126: require('lazy.core.fragments')
019.641  000.019  000.019: require('vim.F')
019.684  000.873  000.854: require('vim.diagnostic')
020.804  000.053  000.053: require('lazy.core.handler.event')
020.808  000.099  000.046: require('lazy.core.handler.ft')
020.848  000.037  000.037: require('lazy.core.handler.cmd')
020.907  000.057  000.057: require('lazy.core.handler.keys')
022.191  000.962  000.962: require('vim.filetype')
022.196  001.035  000.073: sourcing /home/dylan/.local/share/nvim/lazy/rest.nvim/ftdetect/http.lua
022.688  000.075  000.075: sourcing /opt/nvim-linux64/share/nvim/runtime/filetype.lua
023.711  000.504  000.504: require('mini.ai')
024.354  000.242  000.242: require('mini.comment')
024.703  001.986  001.240: require('mini.statusline')
026.147  001.375  001.375: require('catppuccin')
026.550  000.224  000.224: require('catppuccin.lib.hashing')
028.535  001.263  001.263: sourcing /home/dylan/.local/share/nvim/lazy/nvim/colors/catppuccin.vim
029.013  000.124  000.124: require('search-replace.config')
029.124  000.042  000.042: require('search-replace.util')
029.129  000.113  000.071: require('search-replace.ui')
029.131  000.460  000.223: require('search-replace')
029.189  000.051  000.051: require('search-replace.single-buffer')
029.284  000.082  000.082: require('search-replace.multi-buffer')
029.348  000.054  000.054: require('search-replace.visual-multitype')
029.855  000.111  000.111: require('vim.lsp.log')
030.498  000.639  000.639: require('vim.lsp.protocol')
031.064  000.381  000.381: require('vim.lsp._snippet_grammar')
031.142  000.075  000.075: require('vim.highlight')
031.164  000.662  000.206: require('vim.lsp.util')
031.331  000.082  000.082: require('vim.lsp.sync')
031.340  000.173  000.091: require('vim.lsp._changetracking')
031.571  000.229  000.229: require('vim.lsp.rpc')
031.661  002.088  000.274: require('vim.lsp')
032.143  000.479  000.479: require('lspconfig.util')
032.168  002.655  000.087: sourcing /home/dylan/.local/share/nvim/lazy/nvim-lspconfig/plugin/lspconfig.lua
032.535  000.237  000.237: sourcing /home/dylan/.local/share/nvim/lazy/leap.nvim/plugin/init.lua
032.908  000.307  000.307: require('leap')
032.978  000.067  000.067: require('leap.opts')
033.902  000.358  000.358: require('git-conflict.colors')
034.007  000.103  000.103: require('git-conflict.utils')
034.060  001.011  000.550: require('git-conflict')
034.882  000.093  000.093: require('gitsigns.async')
034.939  000.053  000.053: require('gitsigns.debug.log')
035.025  000.084  000.084: require('gitsigns.config')
035.028  000.508  000.278: require('gitsigns')
035.244  000.077  000.077: require('gitsigns.highlight')
035.685  000.042  000.042: require('gitsigns.debounce')
035.995  000.035  000.035: require('mason-core.path')
036.101  000.061  000.061: require('mason-core.functional')
036.179  000.035  000.035: require('mason-core.functional.data')
036.184  000.075  000.040: require('mason-core.functional.function')
036.226  000.032  000.032: require('mason-core.functional.relation')
036.263  000.031  000.031: require('mason-core.functional.logic')
036.273  000.275  000.076: require('mason-core.platform')
036.314  000.040  000.040: require('mason.settings')
036.316  000.584  000.234: require('mason')
036.413  000.041  000.041: require('mason-core.functional.list')
036.450  000.034  000.034: require('mason-core.functional.string')
036.466  000.142  000.066: require('mason.api.command')
036.529  000.058  000.058: require('mason-registry.sources')
036.983  000.077  000.077: require('mason-core.log')
037.033  000.048  000.048: require('mason-lspconfig.settings')
037.037  000.412  000.288: require('mason-lspconfig')
037.120  000.027  000.027: require('mason-lspconfig.notify')
037.123  000.085  000.058: require('mason-lspconfig.lspconfig_hook')
037.209  000.031  000.031: require('mason-core.functional.table')
037.242  000.117  000.085: require('mason-lspconfig.mappings.server')
037.313  000.030  000.030: require('mason-core.EventEmitter')
037.347  000.032  000.032: require('mason-core.optional')
037.420  000.039  000.039: require('mason-core.async')
037.450  000.028  000.028: require('mason-core.async.uv')
037.455  000.106  000.039: require('mason-core.fs')
037.468  000.224  000.056: require('mason-registry')
037.500  000.030  000.030: require('mason-lspconfig.server_config_extensions')
037.571  000.030  000.030: require('lspconfig.async')
037.574  000.073  000.043: require('lspconfig.configs')
037.614  000.039  000.039: require('lspconfig.configs.omnisharp')
037.914  000.039  000.039: require('mason-core.functional.number')
037.930  000.110  000.071: require('mason-lspconfig.api.command')
038.054  000.062  000.062: require('lspconfig')
038.097  000.040  000.040: require('lspconfig.configs.ocamllsp')
038.689  000.057  000.057: require('lspconfig.manager')
038.742  000.047  000.047: require('lspconfig.configs.lua_ls')
039.334  000.035  000.035: sourcing /home/dylan/.local/share/nvim/lazy/workspace-diagnostics.nvim/plugin/workspace-diagnostics.lua
039.784  000.030  000.030: sourcing /home/dylan/.local/share/nvim/lazy/nvim-web-devicons/plugin/nvim-web-devicons.vim
040.169  000.344  000.344: require('oil')
040.216  000.044  000.044: require('oil.ringbuf')
040.290  000.072  000.072: require('oil.config')
041.159  000.106  000.106: require('oil.fs')
041.372  000.081  000.081: require('oil.constants')
041.390  000.228  000.147: require('oil.util')
042.615  000.834  000.834: sourcing /home/dylan/.local/share/nvim/lazy/vim-fugitive/plugin/fugitive.vim
042.702  000.009  000.009: sourcing /home/dylan/.local/share/nvim/lazy/vim-fugitive/ftdetect/fugitive.vim
043.686  000.138  000.138: require('nvim-treesitter.utils')
045.235  000.436  000.436: require('vim.treesitter.language')
045.334  000.094  000.094: require('vim.func')
045.509  000.140  000.140: require('vim.func._memoize')
045.575  000.989  000.320: require('vim.treesitter.query')
045.742  000.165  000.165: require('vim.treesitter._range')
045.825  001.479  000.325: require('vim.treesitter.languagetree')
045.841  001.713  000.234: require('vim.treesitter')
047.209  003.519  001.806: require('nvim-treesitter.parsers')
047.472  000.059  000.059: require('nvim-treesitter.compat')
047.563  000.049  000.049: require('nvim-treesitter.ts_utils')
047.568  000.093  000.043: require('nvim-treesitter.tsrange')
047.602  000.033  000.033: require('nvim-treesitter.caching')
047.609  000.239  000.055: require('nvim-treesitter.query')
047.618  000.308  000.069: require('nvim-treesitter.configs')
047.621  000.409  000.101: require('nvim-treesitter.info')
047.678  000.056  000.056: require('nvim-treesitter.shell_command_selectors')
047.695  004.285  000.162: require('nvim-treesitter.install')
047.733  000.036  000.036: require('nvim-treesitter.statusline')
047.775  000.041  000.041: require('nvim-treesitter.query_predicates')
047.778  004.671  000.309: require('nvim-treesitter')
048.117  005.062  000.391: sourcing /home/dylan/.local/share/nvim/lazy/nvim-treesitter/plugin/nvim-treesitter.lua
049.385  000.066  000.066: require('nvim-treesitter.highlight')
049.756  000.077  000.077: require('nvim-treesitter.indent')
050.649  000.033  000.033: sourcing /home/dylan/.local/share/nvim/lazy/plenary.nvim/plugin/plenary.vim
051.071  000.328  000.328: require('plenary.bit')
051.111  000.037  000.037: require('plenary.functional')
051.135  000.768  000.370: require('plenary.path')
051.174  000.038  000.038: require('plenary.enum')
051.211  000.032  000.032: require('plenary.tbl')
051.221  000.912  000.075: require('session_manager.config')
051.348  000.032  000.032: require('plenary.compat')
051.518  000.252  000.220: require('plenary.scandir')
051.522  000.299  000.047: require('session_manager.utils')
051.585  000.061  000.061: require('plenary.job')
051.589  001.339  000.066: require('session_manager')
051.591  001.621  000.281: require('session_manager.subcommands')
051.611  001.695  000.075: sourcing /home/dylan/.local/share/nvim/lazy/neovim-session-manager/plugin/session_manager.lua
052.306  000.035  000.035: require('vim.ui')
052.310  000.070  000.035: require('dressing.patch')
052.312  000.322  000.252: require('dressing')
052.322  000.360  000.039: sourcing /home/dylan/.local/share/nvim/lazy/dressing.nvim/plugin/dressing.lua
052.415  000.065  000.065: require('inc_rename')
052.977  000.032  000.032: require('nvim-highlight-colors.table_utils')
052.981  000.067  000.035: require('nvim-highlight-colors.buffer_utils')
053.038  000.056  000.056: require('nvim-highlight-colors.named-colors.css')
053.106  000.067  000.067: require('nvim-highlight-colors.named-colors.tailwind')
053.173  000.034  000.034: require('nvim-highlight-colors.color.patterns')
053.175  000.067  000.034: require('nvim-highlight-colors.color.converters')
053.178  000.310  000.053: require('nvim-highlight-colors.color.utils')
053.181  000.362  000.052: require('nvim-highlight-colors.utils')
053.205  000.653  000.291: require('nvim-highlight-colors')
053.970  000.058  000.058: require('hardtime.config')
054.066  000.093  000.093: require('hardtime.log')
054.085  000.238  000.087: require('hardtime.util')
054.090  000.517  000.280: require('hardtime')
054.174  000.033  000.033: require('hardtime.report')
054.176  000.072  000.040: require('hardtime.command')
054.300  000.038  000.038: sourcing /home/dylan/.local/share/nvim/lazy/glance.nvim/plugin/glance.lua
054.802  000.058  000.058: require('glance.utils')
054.806  000.109  000.051: require('glance.config')
054.932  000.058  000.058: require('glance.color')
054.935  000.128  000.070: require('glance.highlights')
054.980  000.044  000.044: require('glance.lsp')
054.987  000.672  000.391: require('glance')
055.870  000.052  000.052: sourcing /opt/nvim-linux64/share/nvim/runtime/plugin/editorconfig.lua
056.035  000.136  000.136: sourcing /opt/nvim-linux64/share/nvim/runtime/plugin/gzip.vim
056.127  000.050  000.050: sourcing /opt/nvim-linux64/share/nvim/runtime/plugin/man.lua
056.818  000.158  000.158: sourcing /opt/nvim-linux64/share/nvim/runtime/pack/dist/opt/matchit/plugin/matchit.vim
056.836  000.651  000.493: sourcing /opt/nvim-linux64/share/nvim/runtime/plugin/matchit.vim
056.990  000.107  000.107: sourcing /opt/nvim-linux64/share/nvim/runtime/plugin/matchparen.vim
057.116  000.012  000.012: sourcing /opt/nvim-linux64/share/nvim/runtime/plugin/netrwPlugin.vim
057.188  000.043  000.043: sourcing /opt/nvim-linux64/share/nvim/runtime/plugin/osc52.lua
057.339  000.122  000.122: sourcing /opt/nvim-linux64/share/nvim/runtime/plugin/rplugin.vim
057.420  000.050  000.050: sourcing /opt/nvim-linux64/share/nvim/runtime/plugin/shada.vim
057.475  000.015  000.015: sourcing /opt/nvim-linux64/share/nvim/runtime/plugin/spellfile.vim
057.571  000.067  000.067: sourcing /opt/nvim-linux64/share/nvim/runtime/plugin/tarPlugin.vim
057.654  000.042  000.042: sourcing /opt/nvim-linux64/share/nvim/runtime/plugin/tohtml.lua
057.713  000.016  000.016: sourcing /opt/nvim-linux64/share/nvim/runtime/plugin/tutor.vim
057.848  000.105  000.105: sourcing /opt/nvim-linux64/share/nvim/runtime/plugin/zipPlugin.vim
058.030  048.174  017.340: require('lazy-init')
058.121  000.088  000.088: require('auto-commands')
058.123  052.720  000.059: sourcing /home/dylan/.config/nvim/init.lua
058.129  001.193: sourcing vimrc file(s)
058.554  000.051  000.051: sourcing /opt/nvim-linux64/share/nvim/runtime/syntax/synload.vim
059.507  001.347  001.297: sourcing /opt/nvim-linux64/share/nvim/runtime/syntax/syntax.vim
059.516  000.040: inits 3
061.367  001.851: reading ShaDa
062.216  000.042  000.042: require('nvim-ts-autotag._log')
062.259  000.041  000.041: require('nvim-ts-autotag.config.init')
062.434  000.055  000.055: require('nvim-ts-autotag.utils')
062.437  000.099  000.044: require('nvim-ts-autotag.config.ft')
062.440  000.179  000.080: require('nvim-ts-autotag.config.plugin')
062.446  000.358  000.097: require('nvim-ts-autotag.internal')
062.448  000.717  000.359: require('nvim-ts-autotag')
062.516  000.824  000.107: sourcing /home/dylan/.local/share/nvim/lazy/nvim-ts-autotag/plugin/nvim-ts-autotag.lua
066.162  000.029  000.029: sourcing /opt/nvim-linux64/share/nvim/runtime/compiler/zsh.vim
066.205  000.403  000.375: sourcing /opt/nvim-linux64/share/nvim/runtime/ftplugin/zsh.vim
067.095  000.124  000.124: sourcing /opt/nvim-linux64/share/nvim/runtime/indent/sh.vim
067.115  000.308  000.184: sourcing /opt/nvim-linux64/share/nvim/runtime/indent/zsh.vim
068.847  000.667  000.667: sourcing /opt/nvim-linux64/share/nvim/runtime/syntax/zsh.vim
070.726  000.051  000.051: require('gitsigns.status')
070.895  000.088  000.088: require('gitsigns.util')
071.336  000.337  000.337: require('gitsigns.system')
071.342  000.386  000.049: require('gitsigns.git.cmd')
071.591  000.062  000.062: require('gitsigns.message')
071.595  000.251  000.189: require('gitsigns.git.version')
071.601  000.703  000.066: require('gitsigns.git.repo')
071.606  000.876  000.085: require('gitsigns.git')
071.668  000.061  000.061: require('gitsigns.cache')
071.944  000.175  000.175: require('gitsigns.diff')
072.133  000.187  000.187: require('gitsigns.hunks')
072.216  000.082  000.082: require('gitsigns.signs')
072.234  000.564  000.120: require('gitsigns.manager')
072.256  001.703  000.152: require('gitsigns.attach')
072.447  000.159  000.159: require('gitsigns.current_line_blame')
072.707  000.082  000.082: require('vim._system')
074.201  000.220  000.220: require('editorconfig')
074.447  008.715: opening buffers
075.899  000.180  000.180: require('cmp_nvim_lsp.source')
075.909  000.734  000.553: require('cmp_nvim_lsp')
075.921  000.845  000.111: sourcing /home/dylan/.local/share/nvim/lazy/cmp-nvim-lsp/after/plugin/cmp_nvim_lsp.lua
076.649  000.131  000.131: require('cmp.utils.debug')
076.838  000.107  000.107: require('cmp.utils.char')
076.846  000.195  000.088: require('cmp.utils.str')
077.165  000.122  000.122: require('cmp.utils.misc')
077.232  000.065  000.065: require('cmp.utils.buffer')
077.308  000.074  000.074: require('cmp.utils.api')
077.322  000.393  000.133: require('cmp.utils.keymap')
077.325  000.478  000.084: require('cmp.utils.feedkeys')
077.787  000.053  000.053: require('cmp.types.cmp')
077.889  000.099  000.099: require('cmp.types.lsp')
077.944  000.053  000.053: require('cmp.types.vim')
077.946  000.280  000.075: require('cmp.types')
077.956  000.416  000.136: require('cmp.config.mapping')
078.014  000.057  000.057: require('cmp.utils.cache')
078.192  000.095  000.095: require('cmp.config.compare')
078.194  000.178  000.083: require('cmp.config.default')
078.215  000.785  000.134: require('cmp.config')
078.228  000.878  000.093: require('cmp.utils.async')
078.347  000.055  000.055: require('cmp.utils.pattern')
078.351  000.122  000.067: require('cmp.context')
078.790  000.216  000.216: require('cmp.utils.snippet')
078.886  000.094  000.094: require('cmp.matcher')
078.918  000.479  000.168: require('cmp.entry')
078.929  000.577  000.098: require('cmp.source')
079.129  000.099  000.099: require('cmp.utils.event')
079.355  000.071  000.071: require('cmp.utils.options')
079.363  000.167  000.096: require('cmp.utils.window')
079.365  000.233  000.067: require('cmp.view.docs_view')
080.334  000.386  000.386: require('cmp.utils.autocmd')
080.360  000.994  000.608: require('cmp.view.custom_entries_view')
080.663  000.302  000.302: require('cmp.view.wildmenu_entries_view')
080.953  000.287  000.287: require('cmp.view.native_entries_view')
081.214  000.259  000.259: require('cmp.view.ghost_text_view')
081.259  002.329  000.155: require('cmp.view')
081.659  005.351  000.642: require('cmp.core')
081.940  000.095  000.095: require('cmp.config.sources')
082.045  000.102  000.102: require('cmp.config.window')
082.152  005.993  000.445: require('cmp')
082.635  000.481  000.481: require('cmp_nvim_lua')
082.657  006.551  000.077: sourcing /home/dylan/.local/share/nvim/lazy/cmp-nvim-lua/after/plugin/cmp_nvim_lua.lua
083.312  000.033  000.033: require('cmp_buffer.timer')
083.317  000.078  000.045: require('cmp_buffer.buffer')
083.320  000.120  000.042: require('cmp_buffer.source')
083.322  000.454  000.334: require('cmp_buffer')
083.357  000.528  000.075: sourcing /home/dylan/.local/share/nvim/lazy/cmp-buffer/after/plugin/cmp_buffer.lua
083.875  000.389  000.389: require('cmp_path')
083.889  000.434  000.045: sourcing /home/dylan/.local/share/nvim/lazy/cmp-path/after/plugin/cmp_path.lua
084.437  000.419  000.419: require('cmp_cmdline')
084.451  000.462  000.043: sourcing /home/dylan/.local/share/nvim/lazy/cmp-cmdline/after/plugin/cmp_cmdline.lua
084.586  000.037  000.037: require('cmp.utils.highlight')
084.846  000.338  000.301: sourcing /home/dylan/.local/share/nvim/lazy/nvim-cmp/plugin/cmp.lua
085.406  000.034  000.034: sourcing /home/dylan/.local/share/nvim/lazy/barbar.nvim/plugin/barbar.lua
085.934  000.037  000.037: require('barbar.animate')
086.064  000.033  000.033: require('barbar.fs')
086.180  000.032  000.032: require('barbar.utils.table')
086.213  000.031  000.031: require('barbar.utils')
086.217  000.115  000.052: require('barbar.config')
086.252  000.032  000.032: require('barbar.utils.list')
086.296  000.230  000.083: require('barbar.buffer')
086.411  000.035  000.035: require('barbar.utils.highlight')
086.947  000.450  000.450: require('nvim-web-devicons.icons-default')
087.091  000.678  000.228: require('nvim-web-devicons')
087.094  000.752  000.039: require('barbar.icons')
087.097  000.798  000.047: require('barbar.ui.layout')
087.135  000.037  000.037: require('barbar.constants')
087.147  001.172  000.073: require('barbar.state')
087.150  001.213  000.042: require('barbar.bbye')
087.209  000.057  000.057: require('barbar.jump_mode')
087.303  000.035  000.035: require('barbar.ui.nodes')
087.310  000.098  000.063: require('barbar.ui.render')
087.318  001.489  000.084: require('barbar.api')
087.697  000.324  000.324: require('barbar.highlight')
087.703  000.384  000.060: require('barbar.events')
087.706  002.256  000.383: require('barbar')
093.480  007.585: BufEnter autocommands
093.488  000.008: editing files in windows
093.725  000.052  000.052: sourcing /home/dylan/.local/share/nvim/lazy/which-key.nvim/plugin/which-key.lua
094.291  000.541  000.541: require('which-key')
094.383  000.089  000.089: require('which-key.config')
094.650  000.030  000.030: sourcing /home/dylan/.local/share/nvim/lazy/todo-comments.nvim/plugin/todo.vim
095.444  000.057  000.057: require('todo-comments.util')
095.453  000.148  000.091: require('todo-comments.config')
095.565  000.067  000.067: require('todo-comments.highlight')
095.567  000.113  000.046: require('todo-comments.jump')
095.570  000.799  000.538: require('todo-comments')
096.048  000.082  000.082: require('vim.treesitter.highlighter')
096.702  000.543  000.543: require('alpha')
096.763  000.058  000.058: require('alpha.themes.dashboard')
103.592  000.265  000.265: sourcing /home/dylan/.local/share/nvim/lazy/telescope.nvim/plugin/telescope.lua
104.612  000.112  000.112: require('plenary.strings')
104.736  000.121  000.121: require('telescope.deprecated')
105.039  000.111  000.111: require('plenary.log')
105.059  000.210  000.098: require('telescope.log')
105.258  000.071  000.071: require('telescope.state')
105.285  000.224  000.153: require('telescope.utils')
105.292  000.554  000.120: require('telescope.sorters')
106.796  002.451  001.664: require('telescope.config')
106.963  000.066  000.066: require('plenary.window.border')
107.017  000.051  000.051: require('plenary.window')
107.060  000.042  000.042: require('plenary.popup.utils')
107.066  000.266  000.109: require('plenary.popup')
107.144  000.077  000.077: require('telescope.pickers.scroller')
107.220  000.074  000.074: require('telescope.actions.state')
107.292  000.070  000.070: require('telescope.actions.utils')
108.157  000.174  000.174: require('telescope.actions.mt')
108.197  000.903  000.729: require('telescope.actions.set')
108.571  000.215  000.215: require('telescope.config.resolve')
108.575  000.376  000.161: require('telescope.pickers.entry_display')
108.649  000.073  000.073: require('telescope.from_entry')
109.068  005.444  001.155: require('telescope.actions')
109.325  000.143  000.143: require('telescope._extensions')
109.329  000.258  000.115: require('telescope')
109.460  000.124  000.124: require('telescope.themes')
110.735  000.194  000.194: require('fzf_lib')
110.740  000.340  000.145: require('telescope._extensions.fzf')
110.890  000.139  000.139: require('telescope._extensions.ui-select')
111.632  000.070  000.070: require('plenary.vararg.rotate')
111.636  000.139  000.070: require('plenary.vararg')
111.726  000.088  000.088: require('plenary.errors')
111.734  000.315  000.087: require('plenary.async.async')
112.185  000.108  000.108: require('plenary.async.structs')
112.195  000.234  000.126: require('plenary.async.control')
112.203  000.394  000.160: require('plenary.async.util')
112.206  000.470  000.076: require('plenary.async.tests')
112.208  001.029  000.244: require('plenary.async')
112.349  000.139  000.139: require('telescope.debounce')
112.606  000.254  000.254: require('telescope.mappings')
112.729  000.119  000.119: require('telescope.pickers.highlights')
112.839  000.108  000.108: require('telescope.pickers.window')
113.077  000.121  000.121: require('telescope.algos.linked_list')
113.084  000.243  000.122: require('telescope.entry_manager')
113.198  000.112  000.112: require('telescope.pickers.multi')
113.229  002.334  000.330: require('telescope.pickers')
113.735  000.391  000.391: require('telescope.make_entry')
113.906  000.168  000.168: require('telescope.finders.async_static_finder')
114.212  000.080  000.080: require('plenary.class')
114.305  000.297  000.217: require('telescope._')
114.308  000.400  000.103: require('telescope.finders.async_oneshot_finder')
114.427  000.118  000.118: require('telescope.finders.async_job_finder')
114.440  001.209  000.132: require('telescope.finders')
114.627  000.076  000.076: require('telescope-undo.actions')
114.636  000.174  000.098: require('telescope._extensions.undo')
115.008  000.240  000.240: require('telescope.builtin')
117.824  011.616: VimEnter autocommands
118.257  000.433: UIEnter autocommands
118.260  000.003: before starting main loop
121.856  003.596: first screen update
121.893  000.037: --- NVIM STARTED ---

